# JRE version: OpenJDK Runtime Environment (17.0.1+12) (build 17.0.1+12-39)
# Java VM: OpenJDK 64-Bit Server VM (17.0.1+12-39, mixed mode, sharing, tiered, compressed oops, compressed class ptrs, g1 gc, windows-amd64)
GC Precious Log:
 CPUs: 4 total, 4 available
 Memory: 8109M
 Large Page Support: Disabled
 NUMA Support: Disabled
 Compressed Oops: Enabled (32-bit)
 Heap Region Size: 1M
 Heap Min Capacity: 256M
 Heap Initial Capacity: 256M
 Heap Max Capacity: 512M
 Pre-touch: Disabled
 Parallel Workers: 4
 Concurrent Workers: 1
 Concurrent Refinement Workers: 4
 Periodic GC: Disabled
Heap:
 garbage-first heap   total 262144K, used 207872K [0x00000000e0000000, 0x0000000100000000)
  region size 1024K, 109 young (111616K), 6 survivors (6144K)
 Metaspace       used 57675K, committed 58368K, reserved 270336K
  class space    used 8173K, committed 8512K, reserved 212992K
GC Heap History (14 events):
Event: 4.285 GC heap before
{Heap before GC invocations=0 (full 0):
 garbage-first heap   total 262144K, used 15360K [0x00000000e0000000, 0x0000000100000000)
  region size 1024K, 13 young (13312K), 0 survivors (0K)
 Metaspace       used 951K, committed 1088K, reserved 221184K
  class space    used 74K, committed 128K, reserved 212992K
}
Event: 4.835 GC heap after
{Heap after GC invocations=1 (full 0):
 garbage-first heap   total 262144K, used 3737K [0x00000000e0000000, 0x0000000100000000)
  region size 1024K, 2 young (2048K), 2 survivors (2048K)
 Metaspace       used 951K, committed 1088K, reserved 221184K
  class space    used 74K, committed 128K, reserved 212992K
}
Event: 9.083 GC heap before
{Heap before GC invocations=1 (full 0):
 garbage-first heap   total 262144K, used 21145K [0x00000000e0000000, 0x0000000100000000)
  region size 1024K, 17 young (17408K), 2 survivors (2048K)
 Metaspace       used 3637K, committed 3840K, reserved 221184K
  class space    used 460K, committed 576K, reserved 212992K
}
Event: 9.090 GC heap after
{Heap after GC invocations=2 (full 0):
 garbage-first heap   total 262144K, used 9385K [0x00000000e0000000, 0x0000000100000000)
  region size 1024K, 3 young (3072K), 3 survivors (3072K)
 Metaspace       used 3637K, committed 3840K, reserved 221184K
  class space    used 460K, committed 576K, reserved 212992K
}
Event: 12.597 GC heap before
{Heap before GC invocations=2 (full 0):
 garbage-first heap   total 262144K, used 29865K [0x00000000e0000000, 0x0000000100000000)
  region size 1024K, 24 young (24576K), 3 survivors (3072K)
 Metaspace       used 3867K, committed 4032K, reserved 221184K
  class space    used 474K, committed 576K, reserved 212992K
}
Event: 12.602 GC heap after
{Heap after GC invocations=3 (full 0):
 garbage-first heap   total 262144K, used 10237K [0x00000000e0000000, 0x0000000100000000)
  region size 1024K, 1 young (1024K), 1 survivors (1024K)
 Metaspace       used 3867K, committed 4032K, reserved 221184K
  class space    used 474K, committed 576K, reserved 212992K
}
Event: 33.589 GC heap before
{Heap before GC invocations=3 (full 0):
 garbage-first heap   total 262144K, used 152573K [0x00000000e0000000, 0x0000000100000000)
  region size 1024K, 112 young (114688K), 1 survivors (1024K)
 Metaspace       used 21171K, committed 21504K, reserved 237568K
  class space    used 3162K, committed 3328K, reserved 212992K
}
Event: 33.622 GC heap after
{Heap after GC invocations=4 (full 0):
 garbage-first heap   total 262144K, used 52626K [0x00000000e0000000, 0x0000000100000000)
  region size 1024K, 14 young (14336K), 14 survivors (14336K)
 Metaspace       used 21171K, committed 21504K, reserved 237568K
  class space    used 3162K, committed 3328K, reserved 212992K
}
Event: 61.371 GC heap before
{Heap before GC invocations=5 (full 0):
 garbage-first heap   total 262144K, used 171410K [0x00000000e0000000, 0x0000000100000000)
  region size 1024K, 122 young (124928K), 14 survivors (14336K)
 Metaspace       used 35451K, committed 35904K, reserved 245760K
  class space    used 4948K, committed 5120K, reserved 212992K
}
Event: 61.409 GC heap after
{Heap after GC invocations=6 (full 0):
 garbage-first heap   total 262144K, used 68887K [0x00000000e0000000, 0x0000000100000000)
  region size 1024K, 11 young (11264K), 11 survivors (11264K)
 Metaspace       used 35451K, committed 35904K, reserved 245760K
  class space    used 4948K, committed 5120K, reserved 212992K
}
Event: 61.699 GC heap before
{Heap before GC invocations=6 (full 0):
 garbage-first heap   total 262144K, used 69911K [0x00000000e0000000, 0x0000000100000000)
  region size 1024K, 13 young (13312K), 11 survivors (11264K)
 Metaspace       used 35569K, committed 35968K, reserved 245760K
  class space    used 4959K, committed 5120K, reserved 212992K
}
Event: 61.722 GC heap after
{Heap after GC invocations=7 (full 0):
 garbage-first heap   total 262144K, used 70052K [0x00000000e0000000, 0x0000000100000000)
  region size 1024K, 2 young (2048K), 2 survivors (2048K)
 Metaspace       used 35569K, committed 35968K, reserved 245760K
  class space    used 4959K, committed 5120K, reserved 212992K
}
Event: 98.653 GC heap before
{Heap before GC invocations=8 (full 0):
 garbage-first heap   total 262144K, used 190884K [0x00000000e0000000, 0x0000000100000000)
  region size 1024K, 120 young (122880K), 2 survivors (2048K)
 Metaspace       used 49232K, committed 49856K, reserved 262144K
  class space    used 6941K, committed 7232K, reserved 212992K
}
Event: 98.682 GC heap after
{Heap after GC invocations=9 (full 0):
 garbage-first heap   total 262144K, used 74752K [0x00000000e0000000, 0x0000000100000000)
  region size 1024K, 6 young (6144K), 6 survivors (6144K)
 Metaspace       used 49232K, committed 49856K, reserved 262144K
  class space    used 6941K, committed 7232K, reserved 212992K
}

